0 info it worked if it ends with ok
1 verbose cli [ 'node', '/usr/local/bin/npm', 'uninstall', 'image-type', '-D' ]
2 info using npm@1.4.28
3 info using node@v0.10.36
4 verbose node_modules/image-type unbuild
5 info preuninstall image-type@2.0.2
6 info uninstall image-type@2.0.2
7 verbose true,/Users/zongyang/实验室/mpr/node_modules,/Users/zongyang/实验室/mpr/node_modules unbuild image-type@2.0.2
8 verbose /Users/zongyang/实验室/mpr/node_modules/.bin,[object Object] binRoot
9 error Error: EACCES, unlink '/Users/zongyang/实验室/mpr/node_modules/.bin/image-type'
9 error  { [Error: EACCES, unlink '/Users/zongyang/实验室/mpr/node_modules/.bin/image-type']
9 error   errno: 3,
9 error   code: 'EACCES',
9 error   path: '/Users/zongyang/实验室/mpr/node_modules/.bin/image-type' }
10 error Please try running this command again as root/Administrator.
11 error System Darwin 14.1.0
12 error command "node" "/usr/local/bin/npm" "uninstall" "image-type" "-D"
13 error cwd /Users/zongyang/实验室/mpr
14 error node -v v0.10.36
15 error npm -v 1.4.28
16 error path /Users/zongyang/实验室/mpr/node_modules/.bin/image-type
17 error code EACCES
18 error errno 3
19 error stack Error: EACCES, unlink '/Users/zongyang/实验室/mpr/node_modules/.bin/image-type'
20 verbose exit [ 3, true ]
